=== Run started at 2026-04-25T08:48:02.562708+00:00 ===
Definition: dsa_sparse_attention_h16_ckv512_kpe64_topk2048_ps64
Solution:  Solution packed: /Users/yue/Desktop/yue_github/mlsys26-flashinfer-solution-sparse-attention/solution.json
  Name: dsa_sparse_attention_h16_ckv512_kpe64_topk2048_ps64_submission_v47_half128_probe
  Definition: dsa_sparse_attention_h16_ckv512_kpe64_topk2048_ps64
  Author: yue-shui
  Language: triton
Workers:   10
Estimated: 3m27s

  #                                 UUID num_tokens num_pages   Status        Latency(ms)            Ref(ms)            Speedup     abs_err     rel_err
-------------------------------------------------------------------------------------------------------------------------------------------------------
  8 f77df5ce21634f7ca0586af7e3c13434        2     8462   PASSED   0.00549833333333333          1.5798145   287.326068505608x    3.91e-03    6.06e-03
  3 0a63b87bb2e54e9db1ca3c4c53a1d521        2     8462   PASSED           0.006763          1.2425865   183.733032677806x    3.91e-03    7.81e-03
  6 e6b849f2900446148c01d81152efae23        2     8462   PASSED           0.007792          1.6288025   209.035228439425x    3.91e-03    2.06e-01
  2 b7668cfd194c4b95ab600feb205ebac6        2     8462   PASSED   0.00658116666666667   1.58080833333333   240.201838579786x    1.95e-03    7.75e-03
  7 9f3f891bfbe24776adfcd5a579d093dd        2     8462   PASSED   0.00995183333333333           1.582345   159.000351693993x    1.56e-02    4.34e+00
  1 9d4a5f21268e484ea05a2f2af91d9fa7        2     8462   PASSED   0.00541883333333333   1.24885266666667   230.465229292898x    3.91e-03    8.88e-02
  5 fc85411e250c41879b6d6a1edb80f0a7        2     8462   PASSED   0.00541866666666667   1.26290983333333   233.066529281496x    1.95e-03    7.25e-03
  9 385742b2717e4f02b918c7349dde23d8        8     8462   PASSED   0.0132906666666667   2.53417466666667   190.673254414125x    1.56e-02    3.11e+01
  0 0c23b10c7b7645719517828c12eaa1d2        1     8462   PASSED   0.00524783333333333   1.04438866666667   199.013307079112x    9.77e-04    6.45e-03
  4 05f6de657db543ae9e4c46796522843a        2     8462   PASSED   0.00989866666666667   1.62149116666667   163.809048356681x    1.56e-02    4.17e+00
 11 3838996164a94d728710f913477feba8        7     8462   PASSED   0.0115093333333333            4.77872   415.203892493049x    1.56e-02    4.80e+01
 10 4c46a94ba2364dc7ab476286dee8dce3        8     8462   PASSED          0.0130185   2.61898883333333   201.174392851199x    1.56e-02    6.23e+01
 14 78b2e11c30004cceb84355722a7c6b0a        8     8462   PASSED          0.0151625          2.5215955   166.30473206925x    1.56e-02    8.24e+01
 13 ddfa9e340b264f76abe7418692faa876        6     8462   PASSED           0.014997           2.097057   139.831766353271x    1.56e-02    1.37e+01
 17 ae4219a95f044f45bd10e17ab63c6e8f        7     8462   PASSED           0.013562           3.259003   240.304011207786x    1.56e-02    7.82e+01
 15 68d6817dcfd1433aa8d2ddeefd54b6ea        6     8462   PASSED   0.00795733333333333          3.0421555   382.308415717158x    1.56e-02    4.46e+01
 12 02d6ae9c64ab42ff93f05c23c53bcb7d        8     8462   PASSED   0.0148693333333333   3.99271266666667   268.519951578192x    1.56e-02    8.26e+01
 18 232ed014bafc4835b9881bb308c659b0        8     8462   PASSED   0.0145543333333333   2.52828916666667   173.713842383712x    1.56e-02    1.86e+02
 16 564007ac354e4662a62cc4d6352dc494        8     8462   PASSED   0.0153013333333333   2.59841966666667   169.816551934472x    1.56e-02    4.13e+02
 19 7a389715dcc3479e9b0512309f9d1d56        8     8462   PASSED   0.0149546666666667   2.58435616666667   172.812689461484x    1.56e-02    3.40e+01
 21 d57eb9e19f0642e8af9bd76ad0823303        6     8462   PASSED   0.0152746666666667            3.14949   206.190424231844x    7.81e-03    2.96e+01
 22 2207f0fdc96347c59d106e4976cfad57        7     8462   PASSED   0.0138028333333333   4.79501416666667   347.393469939747x    1.56e-02    2.20e+02
 20 5096e459ce3f4cdf82773ce1a0c73c8a        8     8462   PASSED   0.0151146666666667   2.52485516666667   167.046698570925x    1.56e-02    4.20e+01

-------------------------------------------------------------------------------------------------------------------------------------------------------
DEFINITION: dsa_sparse_attention_h16_ckv512_kpe64_topk2048_ps64
RESULT: 23/23 PASSED  |  0 FAILED
-------------------------------------------------------------------------------------------------------------------------------------------------------

LATENCY:
  Avg latency:    0.0111278043478261 ms
  Median latency: 0.0130185 ms
  P95 latency:    0.0152746666666667 ms
  Min latency:    0.00524783333333333 ms
  Max latency:    0.0153013333333333 ms

REFERENCE LATENCY:
  Avg ref:        2.42681872463768 ms
  Median ref:     2.52485516666667 ms
  P95 ref:        4.77872 ms

SPEEDUP:
  Avg speedup:    223.780205526653x
  Median speedup: 201.174392851199x
  P95 speedup:    382.308415717158x
  Min speedup:    139.831766353271x
  Max speedup:    415.203892493049x

TIMING:
  Estimated time: 3m27s
  Real time:      3m09s
  Avg per workload (wall): 109.0s
  Started:  2026-04-25 08:48:02 UTC
  Finished: 2026-04-25 08:51:11 UTC
-------------------------------------------------------------------------------------------------------------------------------------------------------


=== Results ordered by workload index ===
  #                                 UUID num_tokens num_pages   Status        Latency(ms)            Ref(ms)            Speedup     abs_err     rel_err
-------------------------------------------------------------------------------------------------------------------------------------------------------
  0 0c23b10c7b7645719517828c12eaa1d2        1     8462   PASSED   0.00524783333333333   1.04438866666667   199.013307079112x    9.77e-04    6.45e-03
  1 9d4a5f21268e484ea05a2f2af91d9fa7        2     8462   PASSED   0.00541883333333333   1.24885266666667   230.465229292898x    3.91e-03    8.88e-02
  2 b7668cfd194c4b95ab600feb205ebac6        2     8462   PASSED   0.00658116666666667   1.58080833333333   240.201838579786x    1.95e-03    7.75e-03
  3 0a63b87bb2e54e9db1ca3c4c53a1d521        2     8462   PASSED           0.006763          1.2425865   183.733032677806x    3.91e-03    7.81e-03
  4 05f6de657db543ae9e4c46796522843a        2     8462   PASSED   0.00989866666666667   1.62149116666667   163.809048356681x    1.56e-02    4.17e+00
  5 fc85411e250c41879b6d6a1edb80f0a7        2     8462   PASSED   0.00541866666666667   1.26290983333333   233.066529281496x    1.95e-03    7.25e-03
  6 e6b849f2900446148c01d81152efae23        2     8462   PASSED           0.007792          1.6288025   209.035228439425x    3.91e-03    2.06e-01
  7 9f3f891bfbe24776adfcd5a579d093dd        2     8462   PASSED   0.00995183333333333           1.582345   159.000351693993x    1.56e-02    4.34e+00
  8 f77df5ce21634f7ca0586af7e3c13434        2     8462   PASSED   0.00549833333333333          1.5798145   287.326068505608x    3.91e-03    6.06e-03
  9 385742b2717e4f02b918c7349dde23d8        8     8462   PASSED   0.0132906666666667   2.53417466666667   190.673254414125x    1.56e-02    3.11e+01
 10 4c46a94ba2364dc7ab476286dee8dce3        8     8462   PASSED          0.0130185   2.61898883333333   201.174392851199x    1.56e-02    6.23e+01
 11 3838996164a94d728710f913477feba8        7     8462   PASSED   0.0115093333333333            4.77872   415.203892493049x    1.56e-02    4.80e+01
 12 02d6ae9c64ab42ff93f05c23c53bcb7d        8     8462   PASSED   0.0148693333333333   3.99271266666667   268.519951578192x    1.56e-02    8.26e+01
 13 ddfa9e340b264f76abe7418692faa876        6     8462   PASSED           0.014997           2.097057   139.831766353271x    1.56e-02    1.37e+01
 14 78b2e11c30004cceb84355722a7c6b0a        8     8462   PASSED          0.0151625          2.5215955   166.30473206925x    1.56e-02    8.24e+01
 15 68d6817dcfd1433aa8d2ddeefd54b6ea        6     8462   PASSED   0.00795733333333333          3.0421555   382.308415717158x    1.56e-02    4.46e+01
 16 564007ac354e4662a62cc4d6352dc494        8     8462   PASSED   0.0153013333333333   2.59841966666667   169.816551934472x    1.56e-02    4.13e+02
 17 ae4219a95f044f45bd10e17ab63c6e8f        7     8462   PASSED           0.013562           3.259003   240.304011207786x    1.56e-02    7.82e+01
 18 232ed014bafc4835b9881bb308c659b0        8     8462   PASSED   0.0145543333333333   2.52828916666667   173.713842383712x    1.56e-02    1.86e+02
 19 7a389715dcc3479e9b0512309f9d1d56        8     8462   PASSED   0.0149546666666667   2.58435616666667   172.812689461484x    1.56e-02    3.40e+01
 20 5096e459ce3f4cdf82773ce1a0c73c8a        8     8462   PASSED   0.0151146666666667   2.52485516666667   167.046698570925x    1.56e-02    4.20e+01
 21 d57eb9e19f0642e8af9bd76ad0823303        6     8462   PASSED   0.0152746666666667            3.14949   206.190424231844x    7.81e-03    2.96e+01
 22 2207f0fdc96347c59d106e4976cfad57        7     8462   PASSED   0.0138028333333333   4.79501416666667   347.393469939747x    1.56e-02    2.20e+02
-------------------------------------------------------------------------------------------------------------------------------------------------------

=== Run finished at 2026-04-25T08:51:11.975472+00:00 ===
