=== Run started at 2026-04-23T13:07:10.754757+00:00 ===
Definition: gdn_prefill_qk4_v8_d128_k_last
Solution:  Solution packed: /Users/yue/Desktop/baidu_project/mlsys26-flashinfer-solution-gated-delta-net/solution.json
  Name: gdn_prefill_qk4_v8_d128_k_last_pr3001_blackwell_narrow_short_fallback_submission_v26
  Definition: gdn_prefill_qk4_v8_d128_k_last
  Author: yue-shui
  Language: triton
Workers:   10
Estimated: 15m00s

  #                                 UUID total_seq_len num_seqs len_cu_seqlens   Status     Latency           Ref    Speedup     abs_err     rel_err
----------------------------------------------------------------------------------------------------------------------------------------------------
  0 77daf91d-0660-4c4b-8c32-336a69281cd9        6        1        2   PASSED     0.00547         1.560    285.16x    2.09e-07    3.34e-02
  1 ba08a83e-e151-4e16-bc70-abee6851604c      134        1        2   PASSED     0.02334        18.094    775.28x    9.34e-04    4.29e+01
  2 c7846f96-c9ff-44d3-94ab-5eab99a1431b      134        1        2   PASSED     0.02306        18.091    784.45x    8.46e-04    1.28e+02
  6 4b6143dd-0e5f-499f-93cb-076d9635bcd0     4124       15       16   PASSED     0.06715      3820.843   56902.95x    1.29e-03    4.88e+02
  9 d49df0b2-7838-4865-9a51-7ec7877fe27f     8192       48       49   PASSED     0.13825      5094.162   36847.46x    1.91e-03    7.17e+02
  3 d0ce7b5d-49e2-4a0b-b2ce-a087139b7d6b     8192       32       33   PASSED     0.12192      5038.906   41329.83x    1.89e-03    1.30e+03
  8 cc310f94-60ea-4dcd-9e63-135dea91b83a     8192       25       26   PASSED     0.14417      5045.536   34997.37x    4.00e-03    1.24e+03
  4 5b8a0e4b-5ed7-45d0-aec3-c2c154e515b1     8192       34       35   PASSED     0.16356      4763.918   29126.07x    2.43e-03    4.66e+02
  5 5d3fc66a-6bba-4602-8319-a1da07045354     8192       34       35   PASSED     0.16335      5067.068   31019.95x    1.06e-02    5.40e+03
  7 5835a2bc-8d60-43fc-b1ed-d4729ea62693     8192       32       33   PASSED     0.16205      5111.205   31541.56x    7.80e-04    4.60e+02
 10 e9e1e445-b41a-404b-a20f-bc869acc6cf0     8192       38       39   PASSED     0.12450      5241.234   42098.15x    3.00e-03    1.58e+03
 12 a9540651-862b-44af-ad75-57e2d9caf37a     8192       20       21   PASSED     0.15883      5356.494   33725.62x    1.35e-03    8.61e+02
 11 b8c8dc3c-3dfe-4334-a784-c477213e2f1a     8192       38       39   PASSED     0.12475      5306.986   42542.22x    8.39e-03    1.08e+03
 21 043e74e4-0297-4988-808a-0090be48a90e       32        2        3   PASSED     0.01207         4.517    374.07x    8.94e-07    1.69e-02
 22 ef9515b6-ad88-4a3e-bd89-31384ddd53ad       16        1        2   PASSED     0.01094         2.201    201.11x    1.79e-07    1.83e-02
 13 06f21bb1-6cbd-4d55-b620-fb4d62181a71     8192       56       57   PASSED     0.11425      5139.701   44986.05x    8.10e-04    4.88e+02
 23 f622a11d-8b79-40b6-9949-5509afe827c8       16        1        2   PASSED     0.01091         2.258    206.95x    1.31e-06    2.10e-02
 20 7ba9d519-7c0b-4eac-b2ad-ae403dce2f95     3999       13       14   PASSED     0.12561      2240.116   17833.85x    3.25e-03    1.78e+03
 17 a2629e02-611f-4264-8ee7-5c431f5fee4f     8192       43       44   PASSED     0.15743      5043.538   32037.04x    1.16e-02    3.66e+03
 14 c2931c92-bbe9-43d9-bc55-9aed77901266     8192       37       38   PASSED     0.14784      5069.393   34289.96x    4.03e-03    1.12e+03
 24 1cf8e175-9f87-4add-984a-6c87a380fe9d       40        2        3   PASSED     0.01434         5.666    395.24x    9.54e-07    5.28e-02
 16 26244fb4-d295-4d4b-bf61-235d17fd0149     8192       43       44   PASSED     0.15769      5120.555   32471.32x    2.91e-03    1.65e+03
 15 618df04a-540c-42fd-b2ce-285dfdf78422     8192       35       36   PASSED     0.12965      5056.808   39002.83x    1.63e-03    5.99e+02
 19 410794d4-6f70-4bb4-aed1-4669be9a610f     8192       39       40   PASSED     0.13467      5256.158   39031.16x    9.30e-04    8.63e+02
 18 9a5d694b-7d4c-4ee6-8315-a13053ab6f92     8192       57       58   PASSED     0.13454      5281.511   39256.75x    1.31e-03    7.85e+02
 25 9343fd82-a06d-493a-9918-1044b0c1cbd1       49        1        2   PASSED     0.01846         6.591    357.00x    1.60e-04    6.32e+01
 31 87bff084-1b7a-478e-99fd-5952c989d80e      202        3        4   PASSED     0.02104        27.480   1305.79x    3.65e-04    2.04e+02
 30 fdf5f1f4-1135-4d3f-99e4-8965958317fc       46        2        3   PASSED     0.01692         6.262    370.14x    1.91e-06    9.08e-02
 32 e92dafeb-3d50-4bce-90c3-6d0172e189d3      239        3        4   PASSED     0.02080        34.179   1643.26x    1.93e-03    2.47e+02
 33 1d0cc342-9e3d-41e3-9ade-532551f86c17      294        3        4   PASSED     0.02566        58.792   2290.80x    1.26e-03    2.75e+02
 26 f4926229-e4ba-49a3-8b2f-df2ec79c333b     1377        1        2   PASSED     0.06861       789.656   11509.68x    9.75e-04    2.16e+02
 28 c5257f65-c411-4dbb-9dc1-ad4abcf00254      983        2        3   PASSED     0.05251       457.248   8707.55x    2.23e-03    9.27e+01
 29 f5619793-6267-4a96-8a23-6c6a937183e7      983        2        3   PASSED     0.05250       488.885   9311.92x    4.74e-03    1.70e+03
 27 109addb1-15e0-4ff2-9b39-df3e79746af0     3271        2        3   PASSED     0.11698      1790.491   15305.83x    9.72e-04    1.65e+02
 35 19c6ab20-df55-4b2c-b9a7-d76870b50e3e       91        2        3   PASSED     0.02049        12.315    601.02x    4.95e-03    3.55e+02
 36 25d9c14d-90ad-442d-8b0f-9452ad198832      132        2        3   PASSED     0.02074        17.639    850.64x    8.68e-04    2.17e+02
 34 1b441950-6f77-4565-bada-12294714fb26       91        2        3   PASSED     0.02077        12.287    591.66x    1.27e-03    2.63e+02
 42 ed66c791-0393-45d5-946b-4cd5d3e8b395      116        1        2   PASSED     0.02094        15.960    762.23x    9.06e-04    9.55e+02
 40 fc7a2bcb-25d4-4840-a095-959499223267      139        3        4   PASSED     0.02070        19.252    929.86x    1.51e-03    4.32e+02
 43 ba95d412-06d5-47d9-99b8-185146c2f869      185        2        3   PASSED     0.02345        24.585   1048.63x    7.86e-04    2.83e+02
 41 5d26ac5b-3c04-409d-a80d-5f1ac455916c      139        3        4   PASSED     0.02106        18.895    897.38x    6.09e-03    6.45e+02
 37 3215fe5f-4a3b-4eb6-af20-4e17368d87a9      341        2        3   PASSED     0.02795        60.510   2165.20x    3.75e-04    1.82e+02

=== Retry started at 2026-04-23T13:16:59.216747+00:00 ===
Definition: gdn_prefill_qk4_v8_d128_k_last
Skipped 42 already-PASSED workloads, running 58

  #                                 UUID total_seq_len num_seqs len_cu_seqlens   Status     Latency           Ref    Speedup     abs_err     rel_err
----------------------------------------------------------------------------------------------------------------------------------------------------
 45 d2b5a221-f890-4cdd-83bc-bdbff1f0d0b0       82        3        4   PASSED     0.01706        20.048   1175.43x    1.86e-03    1.68e+02
 51 339a7ff4-0a55-40d0-99d1-f33e3b1ffe4a       16        1        2   PASSED     0.01069         2.627    245.75x    4.77e-07    2.32e-02
 44 078a41ea-3a59-4b4f-b3c2-95cb6e538a6e       81        2        3   PASSED     0.01930        10.459    542.06x    2.59e-03    2.64e+02
 48 f2f01c2c-3327-4cae-a0d6-a12ec0e94fc3       35        2        3   PASSED     0.01283         4.881    380.36x    4.77e-07    1.62e-02
 50 a39aa135-dd03-4abb-862d-020cf52fc7dd       61        1        2   PASSED     0.01823         8.464    464.31x    1.57e-03    1.11e+02
 39 e44ba4d3-b2d7-4a2a-b860-0fcbdda6c351     1592        3        4   PASSED     0.05975       816.945   13671.65x    1.04e-03    1.16e+02
 47 c2bb4f66-6955-4e0f-b223-b802c1cd2348     1800        3        4   PASSED     0.07381       941.103   12749.83x    3.42e-03    4.97e+02
 46 aaa378be-7365-4381-b2d3-35951ef88c7a     1800        3        4   PASSED     0.07370       932.093   12647.92x    1.19e-03    7.85e+02
 38 6f1ad833-3d8a-4613-b5bd-a5d69263db1d     2107        1        2   PASSED     0.09610      1071.357   11148.89x    9.31e-04    2.27e+02
 52 d8f4a9ae-d391-4f70-8069-f5deb510a2d1       35        1        2   PASSED     0.01854         4.902    264.41x    2.60e-04    1.48e+02
 49 15856e8c-d105-478d-b0de-4ef8141b5a77     3028        5        6   PASSED     0.12028      1591.572   13232.59x    7.41e-04    1.76e+02
 53 d3dc3577-8a65-4937-a63a-4aa7204181a7       35        1        2   PASSED     0.01802         4.736    262.88x    5.41e-03    4.09e+02
 55 6fbc155c-fcd0-4423-b1bf-970eef91d99b      832        4        5   PASSED     0.04268       349.354   8185.93x    6.67e-04    1.27e+02
 54 ce832e76-c4c2-421f-ad75-ebda2032c401      461        2        3   PASSED     0.03273       289.221   8837.84x    8.38e-04    8.62e+02
 57 62447caf-853a-4bf8-a62e-d12885248881       30        1        2   PASSED     0.01754         4.092    233.33x    9.54e-07    3.66e-02
 61 d5f5c00c-c159-45c8-aa2a-2bb8a00e2fe8       31        1        2   PASSED     0.01723         7.202    418.07x    2.03e-04    2.67e+01
 58 fd072ba6-2190-4ce6-b96c-5212d4caf6a0      114        2        3   PASSED     0.02071        17.085    824.78x    1.50e-03    3.80e+02
 59 35ea9bbe-0189-4089-878c-4fc21461297e      114        2        3   PASSED     0.02073        15.354    740.85x    5.09e-03    4.08e+02
 60 1aa8cf18-0fca-4e32-a7ff-7ed29d24a3d2       35        2        3   PASSED     0.01274         4.655    365.52x    2.98e-07    9.42e-02
 62 d5aa60dc-f159-4d02-a1d4-f68bd2a62f33      255        3        4   PASSED     0.02508        35.758   1425.93x    2.25e-03    4.69e+02
 63 28b70283-08fd-4eb9-8831-147abbf8d0f2       24        1        2   PASSED     0.01579         3.397    215.20x    5.51e-07    2.17e-02
 56 a87ded8a-8202-405c-8ced-17521a8c8379     2857        3        4   PASSED     0.07638      1636.886   21429.89x    2.10e-03    2.01e+03
 64 73b8cc85-11ec-4ac4-8469-fce7b52ee44a       97        1        2   PASSED     0.02073        13.194    636.64x    3.44e-04    5.93e+01
 65 2683c087-e726-4a48-af25-674a95a889f2       97        1        2   PASSED     0.02085        13.029    624.78x    2.98e-03    4.20e+02
 66 4b94d568-35ce-45a5-91eb-f8dc4b7077a7      574        2        3   PASSED     0.03521       302.106   8579.95x    5.10e-04    5.91e+02
 68 f3d30cb9-65d2-452a-92ef-10fb8b78473d       85        2        3   PASSED     0.02077        11.929    574.41x    9.86e-04    4.40e+02
 67 a0eb2dc2-9de3-47fc-8ab4-0beee6150015       92        1        2   PASSED     0.02094        16.876    805.96x    4.48e-04    2.18e+02
 70 977d19f8-5d0f-4c19-91e0-b05b500b34fc       30        1        2   PASSED     0.01746         4.121    236.01x    1.91e-06    2.65e-02
 69 7a7deca8-255f-4400-9fc6-367d4671ddcc       79        1        2   PASSED     0.02060        10.883    528.38x    7.71e-04    1.11e+02
 71 02c1e5f0-0d21-4c3c-a22d-40ad45a93549       30        1        2   PASSED     0.01928         7.806    404.80x    2.38e-06    6.94e-03
 73 8e7ef744-5f4e-40e7-aae3-471e013657bd       12        1        2   PASSED     0.00859         1.700    197.96x    9.54e-07    3.91e-02
 72 5a91aa02-8cee-49f9-aa2b-145d6e254ee4      401        4        5   PASSED     0.02830        92.073   3253.68x    8.50e-04    6.94e+02
 74 85d7becb-2969-4cc8-9120-1ec26a78d258       18        1        2   PASSED     0.01165         2.492    213.96x    4.77e-07    3.02e-02
 76 08d4f2c4-dd07-4cc0-9d93-975c91b17577      973        3        4   PASSED     0.05251       446.715   8506.86x    2.57e-03    3.45e+02
 80 f203fdcd-6b72-4687-9fcf-a010066eab5c       48        1        2   PASSED     0.01693        11.495    679.09x    2.42e-03    1.50e+02
 78 bfd8f7b6-3953-46c3-af04-409b2fbe353c      248        2        3   PASSED     0.02556        34.531   1351.12x    5.40e-04    1.17e+02
 83 ea27be17-3dfa-423e-aa85-e9001c24daed       76        2        3   PASSED     0.01824         9.948    545.42x    7.12e-03    1.60e+03
 75 e286a4f4-4a93-43bd-9465-b2915f0f8f96     1796        3        4   PASSED     0.06184      1002.625   16211.98x    1.48e-03    4.39e+02
 77 9c1ef562-578a-4df4-986e-e0c1aaa4727a      973        3        4   PASSED     0.05185       426.166   8219.25x    7.46e-03    8.67e+02
 79 c358edcd-3fda-43bb-98a2-ac32da9038b6     2040        2        3   PASSED     0.09330      1111.892   11917.34x    4.81e-04    2.70e+02
 81 33a38713-868b-43f7-8d75-fbe472e30387      118        2        3   PASSED     0.02042        16.160    791.55x    1.27e-03    2.28e+02
 82 3a77dfec-f1c1-40aa-82e4-fafdfc84e540       76        2        3   PASSED     0.01990        10.752    540.21x    2.68e-03    8.30e+01
 84 49ef89d2-da00-4cd5-b912-708cbfc7106d       67        1        2   PASSED     0.02050         9.361    456.61x    1.04e-03    4.06e+02
 89 27f44fd6-0b0d-44bc-a771-617fd3e9e61c       49        1        2   PASSED     0.01870         6.490    347.07x    4.37e-03    1.71e+02
 85 056224b8-0a27-4634-b93b-36beb658e135       68        1        2   PASSED     0.02062         9.305    451.29x    5.59e-04    1.12e+02
 86 685d26ff-9ad1-4378-b15a-b279d2db1bcb       13        1        2   PASSED     0.00909         1.906    209.72x    4.77e-07    2.19e-02
 91 eaa0fd47-ac57-47d0-a896-e3b1a914a5da       14        1        2   PASSED     0.00956         3.971    415.53x    1.91e-06    4.31e-02
 88 2c9693b4-6375-459a-a29f-650c24abe472       49        1        2   PASSED     0.01890         6.764    357.85x    2.53e-03    1.55e+02
 87 352c9ace-2650-481f-ab51-69394fd0f366      525        1        2   PASSED     0.03748       259.098   6912.48x    5.68e-04    1.84e+02
 92 f105eda8-d047-4624-90a2-f5d5039e2f4e      661        3        4   PASSED     0.03329       318.857   9577.98x    2.04e-03    3.17e+02
 93 cd979341-7112-4887-a2f3-dfb269a49bbc       76        2        3   PASSED     0.01835        10.406    567.21x    9.41e-04    1.41e+02
 94 43bf9699-adb3-4161-b741-8ff07b553336      959        4        5   PASSED     0.05028       422.927   8411.15x    1.23e-03    5.67e+02
 97 1efaf2a9-05db-4737-8f41-6880ba1bb487       42        2        3   PASSED     0.01610         6.639    412.44x    2.38e-07    4.60e-02
 96 2ba465c0-7405-4bf1-ba4e-7d632d95f141       28        2        3   PASSED     0.00997         4.264    427.55x    9.54e-07    3.27e-02
 95 54856fec-3b50-4866-815d-19bfa16cf58b      959        4        5   PASSED     0.05005       408.706   8166.33x    7.99e-03    4.16e+02
 99 cc241d2e-f8b7-448f-95ec-1d5d2809c068       23        1        2   PASSED     0.01380         3.257    235.94x    9.24e-07    1.24e-02
 90 07aa7922-1848-48a9-830a-54216b5553b3     5709        2        3   PASSED     0.23132      3329.703   14394.56x    7.08e-04    6.19e+02
 98 a01a3f93-19b0-4b12-95e3-6132a41d628e     2284        3        4   PASSED     0.09639      1520.513   15773.94x    2.40e-03    3.27e+02

----------------------------------------------------------------------------------------------------------------------------------------------------
DEFINITION: gdn_prefill_qk4_v8_d128_k_last
RESULT: 100/100 PASSED  |  0 FAILED  |  (skipped 42 already-PASSED, ran 58)
----------------------------------------------------------------------------------------------------------------------------------------------------

LATENCY:
  Avg latency:    0.0520 ms
  Median latency: 0.0210 ms
  P95 latency:    0.1577 ms
  Min latency:    0.0055 ms
  Max latency:    0.2313 ms

REFERENCE LATENCY:
  Avg ref:        1095.884 ms
  Median ref:     19.650 ms
  P95 ref:        5139.701 ms

SPEEDUP:
  Avg speedup:    9621.11x
  Median speedup: 989.25x
  P95 speedup:    39256.75x
  Min speedup:    197.96x
  Max speedup:    56902.95x

TIMING:
  Estimated time: 8m42s
  Real time:      5m51s
  Avg per workload (wall): 180.3s
  Started:  2026-04-23 13:16:59 UTC
  Finished: 2026-04-23 13:22:50 UTC
----------------------------------------------------------------------------------------------------------------------------------------------------


=== Results ordered by workload index ===
  #                                 UUID total_seq_len num_seqs len_cu_seqlens   Status     Latency           Ref    Speedup     abs_err     rel_err
----------------------------------------------------------------------------------------------------------------------------------------------------
  0 77daf91d-0660-4c4b-8c32-336a69281cd9        6        1        2   PASSED     0.00547         1.560    285.16x    2.09e-07    3.34e-02
  1 ba08a83e-e151-4e16-bc70-abee6851604c      134        1        2   PASSED     0.02334        18.094    775.28x    9.34e-04    4.29e+01
  2 c7846f96-c9ff-44d3-94ab-5eab99a1431b      134        1        2   PASSED     0.02306        18.091    784.45x    8.46e-04    1.28e+02
  3 d0ce7b5d-49e2-4a0b-b2ce-a087139b7d6b     8192       32       33   PASSED     0.12192      5038.906   41329.83x    1.89e-03    1.30e+03
  4 5b8a0e4b-5ed7-45d0-aec3-c2c154e515b1     8192       34       35   PASSED     0.16356      4763.918   29126.07x    2.43e-03    4.66e+02
  5 5d3fc66a-6bba-4602-8319-a1da07045354     8192       34       35   PASSED     0.16335      5067.068   31019.95x    1.06e-02    5.40e+03
  6 4b6143dd-0e5f-499f-93cb-076d9635bcd0     4124       15       16   PASSED     0.06715      3820.843   56902.95x    1.29e-03    4.88e+02
  7 5835a2bc-8d60-43fc-b1ed-d4729ea62693     8192       32       33   PASSED     0.16205      5111.205   31541.56x    7.80e-04    4.60e+02
  8 cc310f94-60ea-4dcd-9e63-135dea91b83a     8192       25       26   PASSED     0.14417      5045.536   34997.37x    4.00e-03    1.24e+03
  9 d49df0b2-7838-4865-9a51-7ec7877fe27f     8192       48       49   PASSED     0.13825      5094.162   36847.46x    1.91e-03    7.17e+02
 10 e9e1e445-b41a-404b-a20f-bc869acc6cf0     8192       38       39   PASSED     0.12450      5241.234   42098.15x    3.00e-03    1.58e+03
 11 b8c8dc3c-3dfe-4334-a784-c477213e2f1a     8192       38       39   PASSED     0.12475      5306.986   42542.22x    8.39e-03    1.08e+03
 12 a9540651-862b-44af-ad75-57e2d9caf37a     8192       20       21   PASSED     0.15883      5356.494   33725.62x    1.35e-03    8.61e+02
 13 06f21bb1-6cbd-4d55-b620-fb4d62181a71     8192       56       57   PASSED     0.11425      5139.701   44986.05x    8.10e-04    4.88e+02
 14 c2931c92-bbe9-43d9-bc55-9aed77901266     8192       37       38   PASSED     0.14784      5069.393   34289.96x    4.03e-03    1.12e+03
 15 618df04a-540c-42fd-b2ce-285dfdf78422     8192       35       36   PASSED     0.12965      5056.808   39002.83x    1.63e-03    5.99e+02
 16 26244fb4-d295-4d4b-bf61-235d17fd0149     8192       43       44   PASSED     0.15769      5120.555   32471.32x    2.91e-03    1.65e+03
 17 a2629e02-611f-4264-8ee7-5c431f5fee4f     8192       43       44   PASSED     0.15743      5043.538   32037.04x    1.16e-02    3.66e+03
 18 9a5d694b-7d4c-4ee6-8315-a13053ab6f92     8192       57       58   PASSED     0.13454      5281.511   39256.75x    1.31e-03    7.85e+02
 19 410794d4-6f70-4bb4-aed1-4669be9a610f     8192       39       40   PASSED     0.13467      5256.158   39031.16x    9.30e-04    8.63e+02
 20 7ba9d519-7c0b-4eac-b2ad-ae403dce2f95     3999       13       14   PASSED     0.12561      2240.116   17833.85x    3.25e-03    1.78e+03
 21 043e74e4-0297-4988-808a-0090be48a90e       32        2        3   PASSED     0.01207         4.517    374.07x    8.94e-07    1.69e-02
 22 ef9515b6-ad88-4a3e-bd89-31384ddd53ad       16        1        2   PASSED     0.01094         2.201    201.11x    1.79e-07    1.83e-02
 23 f622a11d-8b79-40b6-9949-5509afe827c8       16        1        2   PASSED     0.01091         2.258    206.95x    1.31e-06    2.10e-02
 24 1cf8e175-9f87-4add-984a-6c87a380fe9d       40        2        3   PASSED     0.01434         5.666    395.24x    9.54e-07    5.28e-02
 25 9343fd82-a06d-493a-9918-1044b0c1cbd1       49        1        2   PASSED     0.01846         6.591    357.00x    1.60e-04    6.32e+01
 26 f4926229-e4ba-49a3-8b2f-df2ec79c333b     1377        1        2   PASSED     0.06861       789.656   11509.68x    9.75e-04    2.16e+02
 27 109addb1-15e0-4ff2-9b39-df3e79746af0     3271        2        3   PASSED     0.11698      1790.491   15305.83x    9.72e-04    1.65e+02
 28 c5257f65-c411-4dbb-9dc1-ad4abcf00254      983        2        3   PASSED     0.05251       457.248   8707.55x    2.23e-03    9.27e+01
 29 f5619793-6267-4a96-8a23-6c6a937183e7      983        2        3   PASSED     0.05250       488.885   9311.92x    4.74e-03    1.70e+03
 30 fdf5f1f4-1135-4d3f-99e4-8965958317fc       46        2        3   PASSED     0.01692         6.262    370.14x    1.91e-06    9.08e-02
 31 87bff084-1b7a-478e-99fd-5952c989d80e      202        3        4   PASSED     0.02104        27.480   1305.79x    3.65e-04    2.04e+02
 32 e92dafeb-3d50-4bce-90c3-6d0172e189d3      239        3        4   PASSED     0.02080        34.179   1643.26x    1.93e-03    2.47e+02
 33 1d0cc342-9e3d-41e3-9ade-532551f86c17      294        3        4   PASSED     0.02566        58.792   2290.80x    1.26e-03    2.75e+02
 34 1b441950-6f77-4565-bada-12294714fb26       91        2        3   PASSED     0.02077        12.287    591.66x    1.27e-03    2.63e+02
 35 19c6ab20-df55-4b2c-b9a7-d76870b50e3e       91        2        3   PASSED     0.02049        12.315    601.02x    4.95e-03    3.55e+02
 36 25d9c14d-90ad-442d-8b0f-9452ad198832      132        2        3   PASSED     0.02074        17.639    850.64x    8.68e-04    2.17e+02
 37 3215fe5f-4a3b-4eb6-af20-4e17368d87a9      341        2        3   PASSED     0.02795        60.510   2165.20x    3.75e-04    1.82e+02
 38 6f1ad833-3d8a-4613-b5bd-a5d69263db1d     2107        1        2   PASSED     0.09610      1071.357   11148.89x    9.31e-04    2.27e+02
 39 e44ba4d3-b2d7-4a2a-b860-0fcbdda6c351     1592        3        4   PASSED     0.05975       816.945   13671.65x    1.04e-03    1.16e+02
 40 fc7a2bcb-25d4-4840-a095-959499223267      139        3        4   PASSED     0.02070        19.252    929.86x    1.51e-03    4.32e+02
 41 5d26ac5b-3c04-409d-a80d-5f1ac455916c      139        3        4   PASSED     0.02106        18.895    897.38x    6.09e-03    6.45e+02
 42 ed66c791-0393-45d5-946b-4cd5d3e8b395      116        1        2   PASSED     0.02094        15.960    762.23x    9.06e-04    9.55e+02
 43 ba95d412-06d5-47d9-99b8-185146c2f869      185        2        3   PASSED     0.02345        24.585   1048.63x    7.86e-04    2.83e+02
 44 078a41ea-3a59-4b4f-b3c2-95cb6e538a6e       81        2        3   PASSED     0.01930        10.459    542.06x    2.59e-03    2.64e+02
 45 d2b5a221-f890-4cdd-83bc-bdbff1f0d0b0       82        3        4   PASSED     0.01706        20.048   1175.43x    1.86e-03    1.68e+02
 46 aaa378be-7365-4381-b2d3-35951ef88c7a     1800        3        4   PASSED     0.07370       932.093   12647.92x    1.19e-03    7.85e+02
 47 c2bb4f66-6955-4e0f-b223-b802c1cd2348     1800        3        4   PASSED     0.07381       941.103   12749.83x    3.42e-03    4.97e+02
 48 f2f01c2c-3327-4cae-a0d6-a12ec0e94fc3       35        2        3   PASSED     0.01283         4.881    380.36x    4.77e-07    1.62e-02
 49 15856e8c-d105-478d-b0de-4ef8141b5a77     3028        5        6   PASSED     0.12028      1591.572   13232.59x    7.41e-04    1.76e+02
 50 a39aa135-dd03-4abb-862d-020cf52fc7dd       61        1        2   PASSED     0.01823         8.464    464.31x    1.57e-03    1.11e+02
 51 339a7ff4-0a55-40d0-99d1-f33e3b1ffe4a       16        1        2   PASSED     0.01069         2.627    245.75x    4.77e-07    2.32e-02
 52 d8f4a9ae-d391-4f70-8069-f5deb510a2d1       35        1        2   PASSED     0.01854         4.902    264.41x    2.60e-04    1.48e+02
 53 d3dc3577-8a65-4937-a63a-4aa7204181a7       35        1        2   PASSED     0.01802         4.736    262.88x    5.41e-03    4.09e+02
 54 ce832e76-c4c2-421f-ad75-ebda2032c401      461        2        3   PASSED     0.03273       289.221   8837.84x    8.38e-04    8.62e+02
 55 6fbc155c-fcd0-4423-b1bf-970eef91d99b      832        4        5   PASSED     0.04268       349.354   8185.93x    6.67e-04    1.27e+02
 56 a87ded8a-8202-405c-8ced-17521a8c8379     2857        3        4   PASSED     0.07638      1636.886   21429.89x    2.10e-03    2.01e+03
 57 62447caf-853a-4bf8-a62e-d12885248881       30        1        2   PASSED     0.01754         4.092    233.33x    9.54e-07    3.66e-02
 58 fd072ba6-2190-4ce6-b96c-5212d4caf6a0      114        2        3   PASSED     0.02071        17.085    824.78x    1.50e-03    3.80e+02
 59 35ea9bbe-0189-4089-878c-4fc21461297e      114        2        3   PASSED     0.02073        15.354    740.85x    5.09e-03    4.08e+02
 60 1aa8cf18-0fca-4e32-a7ff-7ed29d24a3d2       35        2        3   PASSED     0.01274         4.655    365.52x    2.98e-07    9.42e-02
 61 d5f5c00c-c159-45c8-aa2a-2bb8a00e2fe8       31        1        2   PASSED     0.01723         7.202    418.07x    2.03e-04    2.67e+01
 62 d5aa60dc-f159-4d02-a1d4-f68bd2a62f33      255        3        4   PASSED     0.02508        35.758   1425.93x    2.25e-03    4.69e+02
 63 28b70283-08fd-4eb9-8831-147abbf8d0f2       24        1        2   PASSED     0.01579         3.397    215.20x    5.51e-07    2.17e-02
 64 73b8cc85-11ec-4ac4-8469-fce7b52ee44a       97        1        2   PASSED     0.02073        13.194    636.64x    3.44e-04    5.93e+01
 65 2683c087-e726-4a48-af25-674a95a889f2       97        1        2   PASSED     0.02085        13.029    624.78x    2.98e-03    4.20e+02
 66 4b94d568-35ce-45a5-91eb-f8dc4b7077a7      574        2        3   PASSED     0.03521       302.106   8579.95x    5.10e-04    5.91e+02
 67 a0eb2dc2-9de3-47fc-8ab4-0beee6150015       92        1        2   PASSED     0.02094        16.876    805.96x    4.48e-04    2.18e+02
 68 f3d30cb9-65d2-452a-92ef-10fb8b78473d       85        2        3   PASSED     0.02077        11.929    574.41x    9.86e-04    4.40e+02
 69 7a7deca8-255f-4400-9fc6-367d4671ddcc       79        1        2   PASSED     0.02060        10.883    528.38x    7.71e-04    1.11e+02
 70 977d19f8-5d0f-4c19-91e0-b05b500b34fc       30        1        2   PASSED     0.01746         4.121    236.01x    1.91e-06    2.65e-02
 71 02c1e5f0-0d21-4c3c-a22d-40ad45a93549       30        1        2   PASSED     0.01928         7.806    404.80x    2.38e-06    6.94e-03
 72 5a91aa02-8cee-49f9-aa2b-145d6e254ee4      401        4        5   PASSED     0.02830        92.073   3253.68x    8.50e-04    6.94e+02
 73 8e7ef744-5f4e-40e7-aae3-471e013657bd       12        1        2   PASSED     0.00859         1.700    197.96x    9.54e-07    3.91e-02
 74 85d7becb-2969-4cc8-9120-1ec26a78d258       18        1        2   PASSED     0.01165         2.492    213.96x    4.77e-07    3.02e-02
 75 e286a4f4-4a93-43bd-9465-b2915f0f8f96     1796        3        4   PASSED     0.06184      1002.625   16211.98x    1.48e-03    4.39e+02
 76 08d4f2c4-dd07-4cc0-9d93-975c91b17577      973        3        4   PASSED     0.05251       446.715   8506.86x    2.57e-03    3.45e+02
 77 9c1ef562-578a-4df4-986e-e0c1aaa4727a      973        3        4   PASSED     0.05185       426.166   8219.25x    7.46e-03    8.67e+02
 78 bfd8f7b6-3953-46c3-af04-409b2fbe353c      248        2        3   PASSED     0.02556        34.531   1351.12x    5.40e-04    1.17e+02
 79 c358edcd-3fda-43bb-98a2-ac32da9038b6     2040        2        3   PASSED     0.09330      1111.892   11917.34x    4.81e-04    2.70e+02
 80 f203fdcd-6b72-4687-9fcf-a010066eab5c       48        1        2   PASSED     0.01693        11.495    679.09x    2.42e-03    1.50e+02
 81 33a38713-868b-43f7-8d75-fbe472e30387      118        2        3   PASSED     0.02042        16.160    791.55x    1.27e-03    2.28e+02
 82 3a77dfec-f1c1-40aa-82e4-fafdfc84e540       76        2        3   PASSED     0.01990        10.752    540.21x    2.68e-03    8.30e+01
 83 ea27be17-3dfa-423e-aa85-e9001c24daed       76        2        3   PASSED     0.01824         9.948    545.42x    7.12e-03    1.60e+03
 84 49ef89d2-da00-4cd5-b912-708cbfc7106d       67        1        2   PASSED     0.02050         9.361    456.61x    1.04e-03    4.06e+02
 85 056224b8-0a27-4634-b93b-36beb658e135       68        1        2   PASSED     0.02062         9.305    451.29x    5.59e-04    1.12e+02
 86 685d26ff-9ad1-4378-b15a-b279d2db1bcb       13        1        2   PASSED     0.00909         1.906    209.72x    4.77e-07    2.19e-02
 87 352c9ace-2650-481f-ab51-69394fd0f366      525        1        2   PASSED     0.03748       259.098   6912.48x    5.68e-04    1.84e+02
 88 2c9693b4-6375-459a-a29f-650c24abe472       49        1        2   PASSED     0.01890         6.764    357.85x    2.53e-03    1.55e+02
 89 27f44fd6-0b0d-44bc-a771-617fd3e9e61c       49        1        2   PASSED     0.01870         6.490    347.07x    4.37e-03    1.71e+02
 90 07aa7922-1848-48a9-830a-54216b5553b3     5709        2        3   PASSED     0.23132      3329.703   14394.56x    7.08e-04    6.19e+02
 91 eaa0fd47-ac57-47d0-a896-e3b1a914a5da       14        1        2   PASSED     0.00956         3.971    415.53x    1.91e-06    4.31e-02
 92 f105eda8-d047-4624-90a2-f5d5039e2f4e      661        3        4   PASSED     0.03329       318.857   9577.98x    2.04e-03    3.17e+02
 93 cd979341-7112-4887-a2f3-dfb269a49bbc       76        2        3   PASSED     0.01835        10.406    567.21x    9.41e-04    1.41e+02
 94 43bf9699-adb3-4161-b741-8ff07b553336      959        4        5   PASSED     0.05028       422.927   8411.15x    1.23e-03    5.67e+02
 95 54856fec-3b50-4866-815d-19bfa16cf58b      959        4        5   PASSED     0.05005       408.706   8166.33x    7.99e-03    4.16e+02
 96 2ba465c0-7405-4bf1-ba4e-7d632d95f141       28        2        3   PASSED     0.00997         4.264    427.55x    9.54e-07    3.27e-02
 97 1efaf2a9-05db-4737-8f41-6880ba1bb487       42        2        3   PASSED     0.01610         6.639    412.44x    2.38e-07    4.60e-02
 98 a01a3f93-19b0-4b12-95e3-6132a41d628e     2284        3        4   PASSED     0.09639      1520.513   15773.94x    2.40e-03    3.27e+02
 99 cc241d2e-f8b7-448f-95ec-1d5d2809c068       23        1        2   PASSED     0.01380         3.257    235.94x    9.24e-07    1.24e-02
----------------------------------------------------------------------------------------------------------------------------------------------------

=== Run finished at 2026-04-23T13:22:50.666973+00:00 ===
