=== Run started at 2026-04-25T09:09:53.044612+00:00 ===
Definition: gdn_decode_qk4_v8_d128_k_last
Solution:  Solution packed: /Users/yue/Desktop/yue_github/mlsys26-flashinfer-solution-gated-delta-net/solution.json
  Name: gdn_decode_qk4_v8_d128_k_last_v36_b8_warp1_stage3_hybrid_fi_vendored
  Definition: gdn_decode_qk4_v8_d128_k_last
  Author: yue-shui
  Language: triton
Workers:   20
Estimated: 4m03s

  #                                 UUID batch_size   Status     Latency           Ref    Speedup     abs_err     rel_err
-------------------------------------------------------------------------------------------------------------------------
 11 9f238670-9a56-4ab9-94f9-555755f32205        4   PARSE_ERROR   exit_code=1
  7 5716e24a-3f55-411a-bcd8-e6b677b1ca7e        1   PASSED     0.00247         1.492    603.01x    1.79e-07    8.92e-04
  6 798635cf-d424-4343-a959-c96b0c0e81fb        1   PASSED     0.00245         1.035    421.91x    1.19e-07    1.98e-03
 12 6d929bff-d051-4e1d-acbf-7d0cc13f6dc8        4   PASSED     0.00303         5.933   1958.16x    2.38e-07    1.65e-02
  9 d0e91dea-aa1b-46c8-a67c-b2814f5a1725        1   PASSED     0.00246         1.026    416.62x    5.96e-08    6.95e-03
 16 9a92acbc-6104-48c6-8176-601feee30001        4   PASSED     0.00303         3.785   1249.39x    1.19e-07    7.12e-03
 15 deecf42e-dfae-4061-936f-0af4d892c231        4   PASSED     0.00306         3.787   1237.12x    2.09e-07    1.29e-02
  3 22d5cef5-4f30-4f43-9d5f-0e9e95dc2201        1   PASSED     0.00247         1.030    416.20x    1.49e-07    8.25e-03
  4 aed4bdd4-3139-4a1b-ae2f-aab8d4ba4090        1   PASSED     0.00244         1.022    419.41x    2.24e-08    5.17e-03
  1 a5714b69-525c-4b95-bb7a-a0f9770c2f48        1   PASSED     0.00246         1.031    419.20x    2.38e-07    5.37e-02
  0 901e5104-dccb-4c3f-ae13-ef4d31a4d456        1   PASSED     0.00242         1.026    423.83x    2.98e-08    4.51e-03
 13 494844dc-80e9-41e9-9fe2-3d2618fdef64        4   PASSED     0.00306         3.596   1174.59x    7.45e-08    3.69e-03
  5 49a125e5-edf0-492e-a8b3-3676d14adaa3        1   PASSED     0.00247         1.166    470.98x    2.53e-07    2.50e-03
 10 ec9d2340-6d13-40e4-a6fe-4483a1cacd0d        4   PASSED     0.00303         3.636   1200.32x    1.19e-07    5.14e-03
 17 fa90b213-3ad2-4a42-9173-97fbf9e2e809        4   PASSED     0.00306         3.527   1152.10x    9.54e-07    2.77e-02
 14 26f760ab-c286-41bf-8c37-3bc5df4c98fc        4   PASSED     0.00302         3.572   1183.20x    1.64e-07    1.49e-02
  8 4c7df22f-70ef-4494-864f-6f10209ab0f3        1   PASSED     0.00247         1.010    408.95x    3.58e-07    3.30e-02
 19 7464a1d6-b0dd-4061-b15a-ebdabf47e351        8   PASSED     0.00405         7.299   1800.78x    9.54e-07    1.57e-02
 20 25d1f606-3e9e-49e6-a3f0-991092c7a845        8   PASSED     0.00403         7.267   1802.46x    5.96e-08    6.55e-03
 23 61dfd334-971b-4a44-a8a8-f00950192745        8   PASSED     0.00402         6.988   1737.69x    2.38e-07    9.22e-03
 21 fe2e6584-17d0-4025-ad44-db9e507f6bed        8   PASSED     0.00406         7.697   1893.89x    2.09e-07    1.49e-02
 22 ca62112d-68e8-4eb7-a318-26c48d256e10        8   PASSED     0.00409        11.835   2896.95x    8.94e-08    1.37e-02
  2 3daa0974-293c-4414-b3c2-1f04368c1189        1   PASSED     0.00250         1.719    688.80x    2.24e-08    5.23e-03
 24 abec5d32-2409-4412-8683-472f3a091a54        8   PASSED     0.00407        12.363   3034.15x    2.09e-07    2.68e-02
 18 2640f1e3-4b02-4041-bdc1-59a28e0b9954        8   PASSED     0.00403         7.094   1759.42x    1.79e-07    2.41e-02
 26 f0507025-1db0-48de-b3d6-4faad5632558       16   PASSED     0.00491        24.224   4936.92x    9.54e-07    6.12e-02
 28 63d4cb66-d6f6-4ceb-8083-0c0fb4abece9       16   PASSED     0.00491        24.079   4907.46x    3.58e-07    4.02e-02
 33 40940a4c-1348-416d-aea1-f3183548229b       32   PASSED     0.00740        69.995   9462.26x    3.87e-07    9.88e-02
 30 d0acf04a-5919-4bf3-95ca-94fbef5786c0       16   PASSED     0.00491        14.448   2944.47x    7.63e-06    2.94e-02
 31 ac83f1e4-982e-41a5-8c02-7ccc14c728d4       16   PASSED     0.00493        13.973   2835.48x    2.38e-07    1.21e-02
 36 388f79b1-13e9-44e6-b12e-c8197989a924       32   PASSED     0.00746        76.714   10281.57x    4.77e-07    1.12e-02
 37 80288532-6967-4b8e-b5bc-c31ce0a208d5       32   PASSED     0.00749        89.847   11990.24x    3.81e-06    1.17e-01
 25 76eec66d-0ada-4c35-bf21-a07247ad7f05       16   PASSED     0.00495        14.144   2857.69x    4.77e-07    7.46e-02
 29 ef6bb01d-1294-4a06-97b2-604ec944b4c0       16   PASSED     0.00491        14.380   2930.61x    1.19e-07    2.08e-02
 34 0915952b-5887-43aa-9807-a0980e7a78f6       32   PASSED     0.00743        42.777   5753.86x    3.81e-06    3.33e-02
 27 d1508f6d-81b7-4caf-947b-b48f612a3061       16   PASSED     0.00491        13.750   2802.45x    2.38e-07    2.52e-02
 32 a8c8beff-e414-4580-b2f7-e5b8f13bc269       32   PASSED     0.00741        37.646   5078.11x    1.91e-06    3.85e-02
 35 d38dde79-79f9-4c2d-8bbe-05ee1be48583       32   PASSED     0.00744        46.183   6207.39x    1.67e-06    1.41e-01
 39 53385c7f-393d-41db-aec8-5b9eb5bf35d1       48   PASSED     0.01012       146.110   14433.49x    1.91e-06    5.55e-02
 44 be91d78c-1114-4563-b0aa-e0682ccc09bb       48   PASSED     0.01006        94.511   9395.97x    1.67e-06    1.34e-01
 41 34403e5b-8551-4d44-95b0-21532c4eb839       48   PASSED     0.01006        93.661   9306.65x    1.91e-06    4.16e-02
 45 3803367a-f140-432a-9784-43fe5d5f64d0       48   PASSED     0.01010       143.640   14219.68x    9.54e-07    2.60e-02
 43 4c38f0e4-aabf-4742-90b9-24231effd96f       48   PASSED     0.01012        90.277   8923.25x    3.05e-05    8.84e-02
 42 b91cc4aa-048d-4e05-9c0c-8a153ec997f8       48   PASSED     0.01010        87.311   8643.51x    9.54e-07    1.09e-01
 38 773a4157-01fa-4637-90be-8604e0b40526       32   PASSED     0.00748       139.242   18621.92x    4.77e-07    1.61e-02
 47 f4fd2171-c869-440c-b199-f403e3c6b788       64   PASSED     0.01248       115.454   9250.98x    1.49e-07    6.79e-02
 46 eaf0a285-447c-4432-8e68-d287acc3cb08       64   PASSED     0.01258       133.507   10616.03x    8.34e-07    6.69e-02
 51 58571e49-29ee-4a53-bf1d-a7a2363e9db3       64   PASSED     0.01259       195.477   15524.14x    3.81e-06    6.14e-02
 49 8d0c5789-550a-4216-a471-202b2655a4e8       64   PASSED     0.01246       203.409   16327.14x    9.54e-07    3.44e-02
 40 45e7697a-bae5-42bd-9f56-959c10ff681f       48   PASSED     0.01009        90.708   8989.26x    4.77e-07    3.24e-02
 48 b1931bc6-b8b6-44da-a83b-aa6cc4d4c275       64   PASSED     0.01276       139.802   10953.97x    9.54e-07    4.12e-02
 52 ef2cf980-6977-49d1-a6f8-7247becf0273       64   PASSED     0.01251       144.541   11552.22x    3.81e-06    2.82e-02
 50 9eef9bc7-5972-437e-b488-853c6dacb470       64   PASSED     0.01246       136.420   10949.65x    3.81e-06    5.65e-02
 53 42963acb-f2f5-4ada-9205-3931cd26fa44       64   PASSED     0.01257       128.819   10251.77x    5.72e-06    1.11e+00

-------------------------------------------------------------------------------------------------------------------------
DEFINITION: gdn_decode_qk4_v8_d128_k_last
RESULT: 53/54 PASSED  |  1 FAILED
-------------------------------------------------------------------------------------------------------------------------

LATENCY:
  Avg latency:    0.0063 ms
  Median latency: 0.0049 ms
  P95 latency:    0.0126 ms
  Min latency:    0.0024 ms
  Max latency:    0.0128 ms

REFERENCE LATENCY:
  Avg ref:        50.283 ms
  Median ref:     14.144 ms
  P95 ref:        144.541 ms

SPEEDUP:
  Avg speedup:    5466.36x
  Median speedup: 2930.61x
  P95 speedup:    14433.49x
  Min speedup:    408.95x
  Max speedup:    18621.92x

TIMING:
  Estimated time: 4m03s
  Real time:      3m20s
  Avg per workload (wall): 97.0s
  Started:  2026-04-25 09:09:53 UTC
  Finished: 2026-04-25 09:13:13 UTC
-------------------------------------------------------------------------------------------------------------------------


=== Results ordered by workload index ===
  #                                 UUID batch_size   Status     Latency           Ref    Speedup     abs_err     rel_err
-------------------------------------------------------------------------------------------------------------------------
  0 901e5104-dccb-4c3f-ae13-ef4d31a4d456        1   PASSED     0.00242         1.026    423.83x    2.98e-08    4.51e-03
  1 a5714b69-525c-4b95-bb7a-a0f9770c2f48        1   PASSED     0.00246         1.031    419.20x    2.38e-07    5.37e-02
  2 3daa0974-293c-4414-b3c2-1f04368c1189        1   PASSED     0.00250         1.719    688.80x    2.24e-08    5.23e-03
  3 22d5cef5-4f30-4f43-9d5f-0e9e95dc2201        1   PASSED     0.00247         1.030    416.20x    1.49e-07    8.25e-03
  4 aed4bdd4-3139-4a1b-ae2f-aab8d4ba4090        1   PASSED     0.00244         1.022    419.41x    2.24e-08    5.17e-03
  5 49a125e5-edf0-492e-a8b3-3676d14adaa3        1   PASSED     0.00247         1.166    470.98x    2.53e-07    2.50e-03
  6 798635cf-d424-4343-a959-c96b0c0e81fb        1   PASSED     0.00245         1.035    421.91x    1.19e-07    1.98e-03
  7 5716e24a-3f55-411a-bcd8-e6b677b1ca7e        1   PASSED     0.00247         1.492    603.01x    1.79e-07    8.92e-04
  8 4c7df22f-70ef-4494-864f-6f10209ab0f3        1   PASSED     0.00247         1.010    408.95x    3.58e-07    3.30e-02
  9 d0e91dea-aa1b-46c8-a67c-b2814f5a1725        1   PASSED     0.00246         1.026    416.62x    5.96e-08    6.95e-03
 10 ec9d2340-6d13-40e4-a6fe-4483a1cacd0d        4   PASSED     0.00303         3.636   1200.32x    1.19e-07    5.14e-03
 11 9f238670-9a56-4ab9-94f9-555755f32205        4   PARSE_ERROR   exit_code=1
 12 6d929bff-d051-4e1d-acbf-7d0cc13f6dc8        4   PASSED     0.00303         5.933   1958.16x    2.38e-07    1.65e-02
 13 494844dc-80e9-41e9-9fe2-3d2618fdef64        4   PASSED     0.00306         3.596   1174.59x    7.45e-08    3.69e-03
 14 26f760ab-c286-41bf-8c37-3bc5df4c98fc        4   PASSED     0.00302         3.572   1183.20x    1.64e-07    1.49e-02
 15 deecf42e-dfae-4061-936f-0af4d892c231        4   PASSED     0.00306         3.787   1237.12x    2.09e-07    1.29e-02
 16 9a92acbc-6104-48c6-8176-601feee30001        4   PASSED     0.00303         3.785   1249.39x    1.19e-07    7.12e-03
 17 fa90b213-3ad2-4a42-9173-97fbf9e2e809        4   PASSED     0.00306         3.527   1152.10x    9.54e-07    2.77e-02
 18 2640f1e3-4b02-4041-bdc1-59a28e0b9954        8   PASSED     0.00403         7.094   1759.42x    1.79e-07    2.41e-02
 19 7464a1d6-b0dd-4061-b15a-ebdabf47e351        8   PASSED     0.00405         7.299   1800.78x    9.54e-07    1.57e-02
 20 25d1f606-3e9e-49e6-a3f0-991092c7a845        8   PASSED     0.00403         7.267   1802.46x    5.96e-08    6.55e-03
 21 fe2e6584-17d0-4025-ad44-db9e507f6bed        8   PASSED     0.00406         7.697   1893.89x    2.09e-07    1.49e-02
 22 ca62112d-68e8-4eb7-a318-26c48d256e10        8   PASSED     0.00409        11.835   2896.95x    8.94e-08    1.37e-02
 23 61dfd334-971b-4a44-a8a8-f00950192745        8   PASSED     0.00402         6.988   1737.69x    2.38e-07    9.22e-03
 24 abec5d32-2409-4412-8683-472f3a091a54        8   PASSED     0.00407        12.363   3034.15x    2.09e-07    2.68e-02
 25 76eec66d-0ada-4c35-bf21-a07247ad7f05       16   PASSED     0.00495        14.144   2857.69x    4.77e-07    7.46e-02
 26 f0507025-1db0-48de-b3d6-4faad5632558       16   PASSED     0.00491        24.224   4936.92x    9.54e-07    6.12e-02
 27 d1508f6d-81b7-4caf-947b-b48f612a3061       16   PASSED     0.00491        13.750   2802.45x    2.38e-07    2.52e-02
 28 63d4cb66-d6f6-4ceb-8083-0c0fb4abece9       16   PASSED     0.00491        24.079   4907.46x    3.58e-07    4.02e-02
 29 ef6bb01d-1294-4a06-97b2-604ec944b4c0       16   PASSED     0.00491        14.380   2930.61x    1.19e-07    2.08e-02
 30 d0acf04a-5919-4bf3-95ca-94fbef5786c0       16   PASSED     0.00491        14.448   2944.47x    7.63e-06    2.94e-02
 31 ac83f1e4-982e-41a5-8c02-7ccc14c728d4       16   PASSED     0.00493        13.973   2835.48x    2.38e-07    1.21e-02
 32 a8c8beff-e414-4580-b2f7-e5b8f13bc269       32   PASSED     0.00741        37.646   5078.11x    1.91e-06    3.85e-02
 33 40940a4c-1348-416d-aea1-f3183548229b       32   PASSED     0.00740        69.995   9462.26x    3.87e-07    9.88e-02
 34 0915952b-5887-43aa-9807-a0980e7a78f6       32   PASSED     0.00743        42.777   5753.86x    3.81e-06    3.33e-02
 35 d38dde79-79f9-4c2d-8bbe-05ee1be48583       32   PASSED     0.00744        46.183   6207.39x    1.67e-06    1.41e-01
 36 388f79b1-13e9-44e6-b12e-c8197989a924       32   PASSED     0.00746        76.714   10281.57x    4.77e-07    1.12e-02
 37 80288532-6967-4b8e-b5bc-c31ce0a208d5       32   PASSED     0.00749        89.847   11990.24x    3.81e-06    1.17e-01
 38 773a4157-01fa-4637-90be-8604e0b40526       32   PASSED     0.00748       139.242   18621.92x    4.77e-07    1.61e-02
 39 53385c7f-393d-41db-aec8-5b9eb5bf35d1       48   PASSED     0.01012       146.110   14433.49x    1.91e-06    5.55e-02
 40 45e7697a-bae5-42bd-9f56-959c10ff681f       48   PASSED     0.01009        90.708   8989.26x    4.77e-07    3.24e-02
 41 34403e5b-8551-4d44-95b0-21532c4eb839       48   PASSED     0.01006        93.661   9306.65x    1.91e-06    4.16e-02
 42 b91cc4aa-048d-4e05-9c0c-8a153ec997f8       48   PASSED     0.01010        87.311   8643.51x    9.54e-07    1.09e-01
 43 4c38f0e4-aabf-4742-90b9-24231effd96f       48   PASSED     0.01012        90.277   8923.25x    3.05e-05    8.84e-02
 44 be91d78c-1114-4563-b0aa-e0682ccc09bb       48   PASSED     0.01006        94.511   9395.97x    1.67e-06    1.34e-01
 45 3803367a-f140-432a-9784-43fe5d5f64d0       48   PASSED     0.01010       143.640   14219.68x    9.54e-07    2.60e-02
 46 eaf0a285-447c-4432-8e68-d287acc3cb08       64   PASSED     0.01258       133.507   10616.03x    8.34e-07    6.69e-02
 47 f4fd2171-c869-440c-b199-f403e3c6b788       64   PASSED     0.01248       115.454   9250.98x    1.49e-07    6.79e-02
 48 b1931bc6-b8b6-44da-a83b-aa6cc4d4c275       64   PASSED     0.01276       139.802   10953.97x    9.54e-07    4.12e-02
 49 8d0c5789-550a-4216-a471-202b2655a4e8       64   PASSED     0.01246       203.409   16327.14x    9.54e-07    3.44e-02
 50 9eef9bc7-5972-437e-b488-853c6dacb470       64   PASSED     0.01246       136.420   10949.65x    3.81e-06    5.65e-02
 51 58571e49-29ee-4a53-bf1d-a7a2363e9db3       64   PASSED     0.01259       195.477   15524.14x    3.81e-06    6.14e-02
 52 ef2cf980-6977-49d1-a6f8-7247becf0273       64   PASSED     0.01251       144.541   11552.22x    3.81e-06    2.82e-02
 53 42963acb-f2f5-4ada-9205-3931cd26fa44       64   PASSED     0.01257       128.819   10251.77x    5.72e-06    1.11e+00
-------------------------------------------------------------------------------------------------------------------------

=== Run finished at 2026-04-25T09:13:13.987853+00:00 ===

=== Retry started at 2026-04-25T09:13:21.459015+00:00 ===
Definition: gdn_decode_qk4_v8_d128_k_last
Skipped 53 already-PASSED workloads, running 1

  #                                 UUID batch_size   Status     Latency           Ref    Speedup     abs_err     rel_err
-------------------------------------------------------------------------------------------------------------------------
 11 9f238670-9a56-4ab9-94f9-555755f32205        4   PASSED     0.00303         3.692   1216.68x    3.73e-08    1.52e-02

-------------------------------------------------------------------------------------------------------------------------
DEFINITION: gdn_decode_qk4_v8_d128_k_last
RESULT: 54/54 PASSED  |  0 FAILED  |  (skipped 53 already-PASSED, ran 1)
-------------------------------------------------------------------------------------------------------------------------

LATENCY:
  Avg latency:    0.0062 ms
  Median latency: 0.0049 ms
  P95 latency:    0.0126 ms
  Min latency:    0.0024 ms
  Max latency:    0.0128 ms

REFERENCE LATENCY:
  Avg ref:        49.420 ms
  Median ref:     14.059 ms
  P95 ref:        144.541 ms

SPEEDUP:
  Avg speedup:    5387.66x
  Median speedup: 2913.78x
  P95 speedup:    14433.49x
  Min speedup:    408.95x
  Max speedup:    18621.92x

TIMING:
  Estimated time: 0m04s
  Real time:      0m55s
  Avg per workload (wall): 55.5s
  Started:  2026-04-25 09:13:21 UTC
  Finished: 2026-04-25 09:14:16 UTC
-------------------------------------------------------------------------------------------------------------------------


=== Results ordered by workload index ===
  #                                 UUID batch_size   Status     Latency           Ref    Speedup     abs_err     rel_err
-------------------------------------------------------------------------------------------------------------------------
  0 901e5104-dccb-4c3f-ae13-ef4d31a4d456        1   PASSED     0.00242         1.026    423.83x    2.98e-08    4.51e-03
  1 a5714b69-525c-4b95-bb7a-a0f9770c2f48        1   PASSED     0.00246         1.031    419.20x    2.38e-07    5.37e-02
  2 3daa0974-293c-4414-b3c2-1f04368c1189        1   PASSED     0.00250         1.719    688.80x    2.24e-08    5.23e-03
  3 22d5cef5-4f30-4f43-9d5f-0e9e95dc2201        1   PASSED     0.00247         1.030    416.20x    1.49e-07    8.25e-03
  4 aed4bdd4-3139-4a1b-ae2f-aab8d4ba4090        1   PASSED     0.00244         1.022    419.41x    2.24e-08    5.17e-03
  5 49a125e5-edf0-492e-a8b3-3676d14adaa3        1   PASSED     0.00247         1.166    470.98x    2.53e-07    2.50e-03
  6 798635cf-d424-4343-a959-c96b0c0e81fb        1   PASSED     0.00245         1.035    421.91x    1.19e-07    1.98e-03
  7 5716e24a-3f55-411a-bcd8-e6b677b1ca7e        1   PASSED     0.00247         1.492    603.01x    1.79e-07    8.92e-04
  8 4c7df22f-70ef-4494-864f-6f10209ab0f3        1   PASSED     0.00247         1.010    408.95x    3.58e-07    3.30e-02
  9 d0e91dea-aa1b-46c8-a67c-b2814f5a1725        1   PASSED     0.00246         1.026    416.62x    5.96e-08    6.95e-03
 10 ec9d2340-6d13-40e4-a6fe-4483a1cacd0d        4   PASSED     0.00303         3.636   1200.32x    1.19e-07    5.14e-03
 11 9f238670-9a56-4ab9-94f9-555755f32205        4   PASSED     0.00303         3.692   1216.68x    3.73e-08    1.52e-02
 12 6d929bff-d051-4e1d-acbf-7d0cc13f6dc8        4   PASSED     0.00303         5.933   1958.16x    2.38e-07    1.65e-02
 13 494844dc-80e9-41e9-9fe2-3d2618fdef64        4   PASSED     0.00306         3.596   1174.59x    7.45e-08    3.69e-03
 14 26f760ab-c286-41bf-8c37-3bc5df4c98fc        4   PASSED     0.00302         3.572   1183.20x    1.64e-07    1.49e-02
 15 deecf42e-dfae-4061-936f-0af4d892c231        4   PASSED     0.00306         3.787   1237.12x    2.09e-07    1.29e-02
 16 9a92acbc-6104-48c6-8176-601feee30001        4   PASSED     0.00303         3.785   1249.39x    1.19e-07    7.12e-03
 17 fa90b213-3ad2-4a42-9173-97fbf9e2e809        4   PASSED     0.00306         3.527   1152.10x    9.54e-07    2.77e-02
 18 2640f1e3-4b02-4041-bdc1-59a28e0b9954        8   PASSED     0.00403         7.094   1759.42x    1.79e-07    2.41e-02
 19 7464a1d6-b0dd-4061-b15a-ebdabf47e351        8   PASSED     0.00405         7.299   1800.78x    9.54e-07    1.57e-02
 20 25d1f606-3e9e-49e6-a3f0-991092c7a845        8   PASSED     0.00403         7.267   1802.46x    5.96e-08    6.55e-03
 21 fe2e6584-17d0-4025-ad44-db9e507f6bed        8   PASSED     0.00406         7.697   1893.89x    2.09e-07    1.49e-02
 22 ca62112d-68e8-4eb7-a318-26c48d256e10        8   PASSED     0.00409        11.835   2896.95x    8.94e-08    1.37e-02
 23 61dfd334-971b-4a44-a8a8-f00950192745        8   PASSED     0.00402         6.988   1737.69x    2.38e-07    9.22e-03
 24 abec5d32-2409-4412-8683-472f3a091a54        8   PASSED     0.00407        12.363   3034.15x    2.09e-07    2.68e-02
 25 76eec66d-0ada-4c35-bf21-a07247ad7f05       16   PASSED     0.00495        14.144   2857.69x    4.77e-07    7.46e-02
 26 f0507025-1db0-48de-b3d6-4faad5632558       16   PASSED     0.00491        24.224   4936.92x    9.54e-07    6.12e-02
 27 d1508f6d-81b7-4caf-947b-b48f612a3061       16   PASSED     0.00491        13.750   2802.45x    2.38e-07    2.52e-02
 28 63d4cb66-d6f6-4ceb-8083-0c0fb4abece9       16   PASSED     0.00491        24.079   4907.46x    3.58e-07    4.02e-02
 29 ef6bb01d-1294-4a06-97b2-604ec944b4c0       16   PASSED     0.00491        14.380   2930.61x    1.19e-07    2.08e-02
 30 d0acf04a-5919-4bf3-95ca-94fbef5786c0       16   PASSED     0.00491        14.448   2944.47x    7.63e-06    2.94e-02
 31 ac83f1e4-982e-41a5-8c02-7ccc14c728d4       16   PASSED     0.00493        13.973   2835.48x    2.38e-07    1.21e-02
 32 a8c8beff-e414-4580-b2f7-e5b8f13bc269       32   PASSED     0.00741        37.646   5078.11x    1.91e-06    3.85e-02
 33 40940a4c-1348-416d-aea1-f3183548229b       32   PASSED     0.00740        69.995   9462.26x    3.87e-07    9.88e-02
 34 0915952b-5887-43aa-9807-a0980e7a78f6       32   PASSED     0.00743        42.777   5753.86x    3.81e-06    3.33e-02
 35 d38dde79-79f9-4c2d-8bbe-05ee1be48583       32   PASSED     0.00744        46.183   6207.39x    1.67e-06    1.41e-01
 36 388f79b1-13e9-44e6-b12e-c8197989a924       32   PASSED     0.00746        76.714   10281.57x    4.77e-07    1.12e-02
 37 80288532-6967-4b8e-b5bc-c31ce0a208d5       32   PASSED     0.00749        89.847   11990.24x    3.81e-06    1.17e-01
 38 773a4157-01fa-4637-90be-8604e0b40526       32   PASSED     0.00748       139.242   18621.92x    4.77e-07    1.61e-02
 39 53385c7f-393d-41db-aec8-5b9eb5bf35d1       48   PASSED     0.01012       146.110   14433.49x    1.91e-06    5.55e-02
 40 45e7697a-bae5-42bd-9f56-959c10ff681f       48   PASSED     0.01009        90.708   8989.26x    4.77e-07    3.24e-02
 41 34403e5b-8551-4d44-95b0-21532c4eb839       48   PASSED     0.01006        93.661   9306.65x    1.91e-06    4.16e-02
 42 b91cc4aa-048d-4e05-9c0c-8a153ec997f8       48   PASSED     0.01010        87.311   8643.51x    9.54e-07    1.09e-01
 43 4c38f0e4-aabf-4742-90b9-24231effd96f       48   PASSED     0.01012        90.277   8923.25x    3.05e-05    8.84e-02
 44 be91d78c-1114-4563-b0aa-e0682ccc09bb       48   PASSED     0.01006        94.511   9395.97x    1.67e-06    1.34e-01
 45 3803367a-f140-432a-9784-43fe5d5f64d0       48   PASSED     0.01010       143.640   14219.68x    9.54e-07    2.60e-02
 46 eaf0a285-447c-4432-8e68-d287acc3cb08       64   PASSED     0.01258       133.507   10616.03x    8.34e-07    6.69e-02
 47 f4fd2171-c869-440c-b199-f403e3c6b788       64   PASSED     0.01248       115.454   9250.98x    1.49e-07    6.79e-02
 48 b1931bc6-b8b6-44da-a83b-aa6cc4d4c275       64   PASSED     0.01276       139.802   10953.97x    9.54e-07    4.12e-02
 49 8d0c5789-550a-4216-a471-202b2655a4e8       64   PASSED     0.01246       203.409   16327.14x    9.54e-07    3.44e-02
 50 9eef9bc7-5972-437e-b488-853c6dacb470       64   PASSED     0.01246       136.420   10949.65x    3.81e-06    5.65e-02
 51 58571e49-29ee-4a53-bf1d-a7a2363e9db3       64   PASSED     0.01259       195.477   15524.14x    3.81e-06    6.14e-02
 52 ef2cf980-6977-49d1-a6f8-7247becf0273       64   PASSED     0.01251       144.541   11552.22x    3.81e-06    2.82e-02
 53 42963acb-f2f5-4ada-9205-3931cd26fa44       64   PASSED     0.01257       128.819   10251.77x    5.72e-06    1.11e+00
-------------------------------------------------------------------------------------------------------------------------

=== Run finished at 2026-04-25T09:14:16.990136+00:00 ===
